2025-02-12 19:34:56,659 - INFO - Starting project manager run
2025-02-12 19:34:56,659 - ERROR - Error in main execution: 'ProjectManager' object has no attribute 'read_requirements'
Traceback (most recent call last):
  File "/home/runner/work/self-coding-repository/self-coding-repository/.github/scripts/project_manager.py", line 201, in run
    requirements = self.read_requirements()
AttributeError: 'ProjectManager' object has no attribute 'read_requirements'

2025-02-12 19:34:56,659 - INFO - Completed project manager run
2025-02-12 19:40:26,754 - INFO - Starting project manager run
2025-02-12 19:40:26,755 - ERROR - Error in main execution: 'ProjectManager' object has no attribute 'read_requirements'
Traceback (most recent call last):
  File "/home/runner/work/self-coding-repository/self-coding-repository/.github/scripts/project_manager.py", line 201, in run
    requirements = self.read_requirements()
AttributeError: 'ProjectManager' object has no attribute 'read_requirements'

2025-02-12 19:40:26,755 - INFO - Completed project manager run
2025-02-12 19:43:51,683 - INFO - Starting project manager run
2025-02-12 19:43:51,683 - ERROR - Error in main execution: 'ProjectManager' object has no attribute 'read_requirements'
Traceback (most recent call last):
  File "/home/runner/work/self-coding-repository/self-coding-repository/.github/scripts/project_manager.py", line 201, in run
    requirements = self.read_requirements()
AttributeError: 'ProjectManager' object has no attribute 'read_requirements'

2025-02-12 19:43:51,683 - INFO - Completed project manager run
2025-02-12 19:51:32,368 - INFO - Starting project manager run
2025-02-12 19:51:32,368 - INFO - Read 10 requirements
2025-02-12 19:51:32,368 - INFO - Processing requirement: Create an interactive Tic Tac Toe game with the following features:
2025-02-12 19:51:32,369 - INFO - Implementing requirement: Create an interactive Tic Tac Toe game with the following features:
2025-02-12 19:51:32,369 - ERROR - Error in main execution: 'ProjectManager' object has no attribute 'implement_requirement'
Traceback (most recent call last):
  File "/home/runner/work/self-coding-repository/self-coding-repository/.github/scripts/project_manager.py", line 231, in run
    self.implement_requirement(requirement)
AttributeError: 'ProjectManager' object has no attribute 'implement_requirement'

2025-02-12 19:51:32,369 - INFO - Completed project manager run
2025-02-12 20:10:58,839 - INFO - Starting project manager run
2025-02-12 20:10:58,839 - INFO - Read 10 requirements
2025-02-12 20:10:58,839 - INFO - Processing requirement: Create an interactive Tic Tac Toe game with the following features:
2025-02-12 20:10:58,839 - INFO - Implementing requirement: Create an interactive Tic Tac Toe game with the following features:
2025-02-12 20:11:13,117 - ERROR - Error implementing requirement: Expecting value: line 1 column 1 (char 0)
Traceback (most recent call last):
  File "/home/runner/work/self-coding-repository/self-coding-repository/.github/scripts/project_manager.py", line 292, in implement_requirement
    implementation = json.loads(response.text)
  File "/opt/hostedtoolcache/Python/3.10.16/x64/lib/python3.10/json/__init__.py", line 346, in loads
    return _default_decoder.decode(s)
  File "/opt/hostedtoolcache/Python/3.10.16/x64/lib/python3.10/json/decoder.py", line 337, in decode
    obj, end = self.raw_decode(s, idx=_w(s, 0).end())
  File "/opt/hostedtoolcache/Python/3.10.16/x64/lib/python3.10/json/decoder.py", line 355, in raw_decode
    raise JSONDecodeError("Expecting value", s, err.value) from None
json.decoder.JSONDecodeError: Expecting value: line 1 column 1 (char 0)

2025-02-12 20:11:13,117 - INFO - Processing requirement: - Responsive 3x3 grid layout
2025-02-12 20:11:13,118 - INFO - Implementing requirement: - Responsive 3x3 grid layout
2025-02-12 20:11:17,549 - ERROR - Error implementing requirement: Expecting value: line 1 column 1 (char 0)
Traceback (most recent call last):
  File "/home/runner/work/self-coding-repository/self-coding-repository/.github/scripts/project_manager.py", line 292, in implement_requirement
    implementation = json.loads(response.text)
  File "/opt/hostedtoolcache/Python/3.10.16/x64/lib/python3.10/json/__init__.py", line 346, in loads
    return _default_decoder.decode(s)
  File "/opt/hostedtoolcache/Python/3.10.16/x64/lib/python3.10/json/decoder.py", line 337, in decode
    obj, end = self.raw_decode(s, idx=_w(s, 0).end())
  File "/opt/hostedtoolcache/Python/3.10.16/x64/lib/python3.10/json/decoder.py", line 355, in raw_decode
    raise JSONDecodeError("Expecting value", s, err.value) from None
json.decoder.JSONDecodeError: Expecting value: line 1 column 1 (char 0)

2025-02-12 20:11:17,549 - INFO - Processing requirement: - Players can click cells to place X or O
2025-02-12 20:11:17,550 - INFO - Implementing requirement: - Players can click cells to place X or O
2025-02-12 20:11:28,870 - ERROR - Error implementing requirement: Expecting value: line 1 column 1 (char 0)
Traceback (most recent call last):
  File "/home/runner/work/self-coding-repository/self-coding-repository/.github/scripts/project_manager.py", line 292, in implement_requirement
    implementation = json.loads(response.text)
  File "/opt/hostedtoolcache/Python/3.10.16/x64/lib/python3.10/json/__init__.py", line 346, in loads
    return _default_decoder.decode(s)
  File "/opt/hostedtoolcache/Python/3.10.16/x64/lib/python3.10/json/decoder.py", line 337, in decode
    obj, end = self.raw_decode(s, idx=_w(s, 0).end())
  File "/opt/hostedtoolcache/Python/3.10.16/x64/lib/python3.10/json/decoder.py", line 355, in raw_decode
    raise JSONDecodeError("Expecting value", s, err.value) from None
json.decoder.JSONDecodeError: Expecting value: line 1 column 1 (char 0)

2025-02-12 20:11:28,870 - INFO - Processing requirement: - Visual indicators for whose turn it is
2025-02-12 20:11:28,870 - INFO - Implementing requirement: - Visual indicators for whose turn it is
2025-02-12 20:11:34,524 - ERROR - Error implementing requirement: Expecting value: line 1 column 1 (char 0)
Traceback (most recent call last):
  File "/home/runner/work/self-coding-repository/self-coding-repository/.github/scripts/project_manager.py", line 292, in implement_requirement
    implementation = json.loads(response.text)
  File "/opt/hostedtoolcache/Python/3.10.16/x64/lib/python3.10/json/__init__.py", line 346, in loads
    return _default_decoder.decode(s)
  File "/opt/hostedtoolcache/Python/3.10.16/x64/lib/python3.10/json/decoder.py", line 337, in decode
    obj, end = self.raw_decode(s, idx=_w(s, 0).end())
  File "/opt/hostedtoolcache/Python/3.10.16/x64/lib/python3.10/json/decoder.py", line 355, in raw_decode
    raise JSONDecodeError("Expecting value", s, err.value) from None
json.decoder.JSONDecodeError: Expecting value: line 1 column 1 (char 0)

2025-02-12 20:11:34,524 - INFO - Processing requirement: - Win detection with highlighting of winning combination
2025-02-12 20:11:34,524 - INFO - Implementing requirement: - Win detection with highlighting of winning combination
2025-02-12 20:11:47,996 - ERROR - Error implementing requirement: Expecting value: line 1 column 1 (char 0)
Traceback (most recent call last):
  File "/home/runner/work/self-coding-repository/self-coding-repository/.github/scripts/project_manager.py", line 292, in implement_requirement
    implementation = json.loads(response.text)
  File "/opt/hostedtoolcache/Python/3.10.16/x64/lib/python3.10/json/__init__.py", line 346, in loads
    return _default_decoder.decode(s)
  File "/opt/hostedtoolcache/Python/3.10.16/x64/lib/python3.10/json/decoder.py", line 337, in decode
    obj, end = self.raw_decode(s, idx=_w(s, 0).end())
  File "/opt/hostedtoolcache/Python/3.10.16/x64/lib/python3.10/json/decoder.py", line 355, in raw_decode
    raise JSONDecodeError("Expecting value", s, err.value) from None
json.decoder.JSONDecodeError: Expecting value: line 1 column 1 (char 0)

2025-02-12 20:11:47,996 - INFO - Processing requirement: - Game status messages (current player, winner, draw)
2025-02-12 20:11:47,996 - INFO - Implementing requirement: - Game status messages (current player, winner, draw)
2025-02-12 20:11:53,153 - ERROR - Error implementing requirement: Expecting value: line 1 column 1 (char 0)
Traceback (most recent call last):
  File "/home/runner/work/self-coding-repository/self-coding-repository/.github/scripts/project_manager.py", line 292, in implement_requirement
    implementation = json.loads(response.text)
  File "/opt/hostedtoolcache/Python/3.10.16/x64/lib/python3.10/json/__init__.py", line 346, in loads
    return _default_decoder.decode(s)
  File "/opt/hostedtoolcache/Python/3.10.16/x64/lib/python3.10/json/decoder.py", line 337, in decode
    obj, end = self.raw_decode(s, idx=_w(s, 0).end())
  File "/opt/hostedtoolcache/Python/3.10.16/x64/lib/python3.10/json/decoder.py", line 355, in raw_decode
    raise JSONDecodeError("Expecting value", s, err.value) from None
json.decoder.JSONDecodeError: Expecting value: line 1 column 1 (char 0)

2025-02-12 20:11:53,153 - INFO - Processing requirement: - Reset button to start new game
2025-02-12 20:11:53,153 - INFO - Implementing requirement: - Reset button to start new game
2025-02-12 20:11:56,091 - ERROR - Error implementing requirement: Expecting value: line 1 column 1 (char 0)
Traceback (most recent call last):
  File "/home/runner/work/self-coding-repository/self-coding-repository/.github/scripts/project_manager.py", line 292, in implement_requirement
    implementation = json.loads(response.text)
  File "/opt/hostedtoolcache/Python/3.10.16/x64/lib/python3.10/json/__init__.py", line 346, in loads
    return _default_decoder.decode(s)
  File "/opt/hostedtoolcache/Python/3.10.16/x64/lib/python3.10/json/decoder.py", line 337, in decode
    obj, end = self.raw_decode(s, idx=_w(s, 0).end())
  File "/opt/hostedtoolcache/Python/3.10.16/x64/lib/python3.10/json/decoder.py", line 355, in raw_decode
    raise JSONDecodeError("Expecting value", s, err.value) from None
json.decoder.JSONDecodeError: Expecting value: line 1 column 1 (char 0)

2025-02-12 20:11:56,091 - INFO - Processing requirement: - Modern minimalist design with smooth animations
2025-02-12 20:11:56,092 - INFO - Implementing requirement: - Modern minimalist design with smooth animations
2025-02-12 20:12:03,155 - ERROR - Error implementing requirement: Expecting value: line 1 column 1 (char 0)
Traceback (most recent call last):
  File "/home/runner/work/self-coding-repository/self-coding-repository/.github/scripts/project_manager.py", line 292, in implement_requirement
    implementation = json.loads(response.text)
  File "/opt/hostedtoolcache/Python/3.10.16/x64/lib/python3.10/json/__init__.py", line 346, in loads
    return _default_decoder.decode(s)
  File "/opt/hostedtoolcache/Python/3.10.16/x64/lib/python3.10/json/decoder.py", line 337, in decode
    obj, end = self.raw_decode(s, idx=_w(s, 0).end())
  File "/opt/hostedtoolcache/Python/3.10.16/x64/lib/python3.10/json/decoder.py", line 355, in raw_decode
    raise JSONDecodeError("Expecting value", s, err.value) from None
json.decoder.JSONDecodeError: Expecting value: line 1 column 1 (char 0)

2025-02-12 20:12:03,155 - INFO - Processing requirement: - Score tracking for X and O players
2025-02-12 20:12:03,155 - INFO - Implementing requirement: - Score tracking for X and O players
2025-02-12 20:12:15,479 - ERROR - Error implementing requirement: Expecting value: line 1 column 1 (char 0)
Traceback (most recent call last):
  File "/home/runner/work/self-coding-repository/self-coding-repository/.github/scripts/project_manager.py", line 292, in implement_requirement
    implementation = json.loads(response.text)
  File "/opt/hostedtoolcache/Python/3.10.16/x64/lib/python3.10/json/__init__.py", line 346, in loads
    return _default_decoder.decode(s)
  File "/opt/hostedtoolcache/Python/3.10.16/x64/lib/python3.10/json/decoder.py", line 337, in decode
    obj, end = self.raw_decode(s, idx=_w(s, 0).end())
  File "/opt/hostedtoolcache/Python/3.10.16/x64/lib/python3.10/json/decoder.py", line 355, in raw_decode
    raise JSONDecodeError("Expecting value", s, err.value) from None
json.decoder.JSONDecodeError: Expecting value: line 1 column 1 (char 0)

2025-02-12 20:12:15,480 - INFO - Processing requirement: - Hover effects on cells to show current player's symbol
2025-02-12 20:12:15,480 - INFO - Implementing requirement: - Hover effects on cells to show current player's symbol
2025-02-12 20:12:21,821 - ERROR - Error implementing requirement: Expecting value: line 1 column 1 (char 0)
Traceback (most recent call last):
  File "/home/runner/work/self-coding-repository/self-coding-repository/.github/scripts/project_manager.py", line 292, in implement_requirement
    implementation = json.loads(response.text)
  File "/opt/hostedtoolcache/Python/3.10.16/x64/lib/python3.10/json/__init__.py", line 346, in loads
    return _default_decoder.decode(s)
  File "/opt/hostedtoolcache/Python/3.10.16/x64/lib/python3.10/json/decoder.py", line 337, in decode
    obj, end = self.raw_decode(s, idx=_w(s, 0).end())
  File "/opt/hostedtoolcache/Python/3.10.16/x64/lib/python3.10/json/decoder.py", line 355, in raw_decode
    raise JSONDecodeError("Expecting value", s, err.value) from None
json.decoder.JSONDecodeError: Expecting value: line 1 column 1 (char 0)

2025-02-12 20:12:21,827 - INFO - Completed project manager run
2025-02-12 20:54:37,338 - INFO - Starting project manager run
2025-02-12 20:54:37,338 - INFO - Read 10 requirements
2025-02-12 20:54:37,338 - INFO - Processing requirement: Create an interactive Tic Tac Toe game with the following features:
2025-02-12 20:54:37,338 - INFO - Implementing requirement: Create an interactive Tic Tac Toe game with the following features:
2025-02-12 20:54:52,392 - ERROR - Error implementing requirement: Expecting value: line 1 column 1 (char 0)
Traceback (most recent call last):
  File "/home/runner/work/self-coding-repository/self-coding-repository/.github/scripts/project_manager.py", line 292, in implement_requirement
    implementation = json.loads(response.text)
  File "/opt/hostedtoolcache/Python/3.10.16/x64/lib/python3.10/json/__init__.py", line 346, in loads
    return _default_decoder.decode(s)
  File "/opt/hostedtoolcache/Python/3.10.16/x64/lib/python3.10/json/decoder.py", line 337, in decode
    obj, end = self.raw_decode(s, idx=_w(s, 0).end())
  File "/opt/hostedtoolcache/Python/3.10.16/x64/lib/python3.10/json/decoder.py", line 355, in raw_decode
    raise JSONDecodeError("Expecting value", s, err.value) from None
json.decoder.JSONDecodeError: Expecting value: line 1 column 1 (char 0)

2025-02-12 20:54:52,392 - INFO - Processing requirement: - Responsive 3x3 grid layout
2025-02-12 20:54:52,393 - INFO - Implementing requirement: - Responsive 3x3 grid layout
2025-02-12 20:54:56,643 - ERROR - Error implementing requirement: Expecting value: line 1 column 1 (char 0)
Traceback (most recent call last):
  File "/home/runner/work/self-coding-repository/self-coding-repository/.github/scripts/project_manager.py", line 292, in implement_requirement
    implementation = json.loads(response.text)
  File "/opt/hostedtoolcache/Python/3.10.16/x64/lib/python3.10/json/__init__.py", line 346, in loads
    return _default_decoder.decode(s)
  File "/opt/hostedtoolcache/Python/3.10.16/x64/lib/python3.10/json/decoder.py", line 337, in decode
    obj, end = self.raw_decode(s, idx=_w(s, 0).end())
  File "/opt/hostedtoolcache/Python/3.10.16/x64/lib/python3.10/json/decoder.py", line 355, in raw_decode
    raise JSONDecodeError("Expecting value", s, err.value) from None
json.decoder.JSONDecodeError: Expecting value: line 1 column 1 (char 0)

2025-02-12 20:54:56,643 - INFO - Processing requirement: - Players can click cells to place X or O
2025-02-12 20:54:56,644 - INFO - Implementing requirement: - Players can click cells to place X or O
2025-02-12 20:55:08,094 - ERROR - Error implementing requirement: Expecting value: line 1 column 1 (char 0)
Traceback (most recent call last):
  File "/home/runner/work/self-coding-repository/self-coding-repository/.github/scripts/project_manager.py", line 292, in implement_requirement
    implementation = json.loads(response.text)
  File "/opt/hostedtoolcache/Python/3.10.16/x64/lib/python3.10/json/__init__.py", line 346, in loads
    return _default_decoder.decode(s)
  File "/opt/hostedtoolcache/Python/3.10.16/x64/lib/python3.10/json/decoder.py", line 337, in decode
    obj, end = self.raw_decode(s, idx=_w(s, 0).end())
  File "/opt/hostedtoolcache/Python/3.10.16/x64/lib/python3.10/json/decoder.py", line 355, in raw_decode
    raise JSONDecodeError("Expecting value", s, err.value) from None
json.decoder.JSONDecodeError: Expecting value: line 1 column 1 (char 0)

2025-02-12 20:55:08,094 - INFO - Processing requirement: - Visual indicators for whose turn it is
2025-02-12 20:55:08,094 - INFO - Implementing requirement: - Visual indicators for whose turn it is
2025-02-12 20:55:13,257 - ERROR - Error implementing requirement: Expecting value: line 1 column 1 (char 0)
Traceback (most recent call last):
  File "/home/runner/work/self-coding-repository/self-coding-repository/.github/scripts/project_manager.py", line 292, in implement_requirement
    implementation = json.loads(response.text)
  File "/opt/hostedtoolcache/Python/3.10.16/x64/lib/python3.10/json/__init__.py", line 346, in loads
    return _default_decoder.decode(s)
  File "/opt/hostedtoolcache/Python/3.10.16/x64/lib/python3.10/json/decoder.py", line 337, in decode
    obj, end = self.raw_decode(s, idx=_w(s, 0).end())
  File "/opt/hostedtoolcache/Python/3.10.16/x64/lib/python3.10/json/decoder.py", line 355, in raw_decode
    raise JSONDecodeError("Expecting value", s, err.value) from None
json.decoder.JSONDecodeError: Expecting value: line 1 column 1 (char 0)

2025-02-12 20:55:13,258 - INFO - Processing requirement: - Win detection with highlighting of winning combination
2025-02-12 20:55:13,258 - INFO - Implementing requirement: - Win detection with highlighting of winning combination
2025-02-12 20:55:29,975 - ERROR - Error implementing requirement: Expecting value: line 1 column 1 (char 0)
Traceback (most recent call last):
  File "/home/runner/work/self-coding-repository/self-coding-repository/.github/scripts/project_manager.py", line 292, in implement_requirement
    implementation = json.loads(response.text)
  File "/opt/hostedtoolcache/Python/3.10.16/x64/lib/python3.10/json/__init__.py", line 346, in loads
    return _default_decoder.decode(s)
  File "/opt/hostedtoolcache/Python/3.10.16/x64/lib/python3.10/json/decoder.py", line 337, in decode
    obj, end = self.raw_decode(s, idx=_w(s, 0).end())
  File "/opt/hostedtoolcache/Python/3.10.16/x64/lib/python3.10/json/decoder.py", line 355, in raw_decode
    raise JSONDecodeError("Expecting value", s, err.value) from None
json.decoder.JSONDecodeError: Expecting value: line 1 column 1 (char 0)

2025-02-12 20:55:29,975 - INFO - Processing requirement: - Game status messages (current player, winner, draw)
2025-02-12 20:55:29,975 - INFO - Implementing requirement: - Game status messages (current player, winner, draw)
2025-02-12 20:55:33,419 - ERROR - Error implementing requirement: Expecting value: line 1 column 1 (char 0)
Traceback (most recent call last):
  File "/home/runner/work/self-coding-repository/self-coding-repository/.github/scripts/project_manager.py", line 292, in implement_requirement
    implementation = json.loads(response.text)
  File "/opt/hostedtoolcache/Python/3.10.16/x64/lib/python3.10/json/__init__.py", line 346, in loads
    return _default_decoder.decode(s)
  File "/opt/hostedtoolcache/Python/3.10.16/x64/lib/python3.10/json/decoder.py", line 337, in decode
    obj, end = self.raw_decode(s, idx=_w(s, 0).end())
  File "/opt/hostedtoolcache/Python/3.10.16/x64/lib/python3.10/json/decoder.py", line 355, in raw_decode
    raise JSONDecodeError("Expecting value", s, err.value) from None
json.decoder.JSONDecodeError: Expecting value: line 1 column 1 (char 0)

2025-02-12 20:55:33,419 - INFO - Processing requirement: - Reset button to start new game
2025-02-12 20:55:33,419 - INFO - Implementing requirement: - Reset button to start new game
2025-02-12 20:55:44,587 - ERROR - Error implementing requirement: Expecting value: line 1 column 1 (char 0)
Traceback (most recent call last):
  File "/home/runner/work/self-coding-repository/self-coding-repository/.github/scripts/project_manager.py", line 292, in implement_requirement
    implementation = json.loads(response.text)
  File "/opt/hostedtoolcache/Python/3.10.16/x64/lib/python3.10/json/__init__.py", line 346, in loads
    return _default_decoder.decode(s)
  File "/opt/hostedtoolcache/Python/3.10.16/x64/lib/python3.10/json/decoder.py", line 337, in decode
    obj, end = self.raw_decode(s, idx=_w(s, 0).end())
  File "/opt/hostedtoolcache/Python/3.10.16/x64/lib/python3.10/json/decoder.py", line 355, in raw_decode
    raise JSONDecodeError("Expecting value", s, err.value) from None
json.decoder.JSONDecodeError: Expecting value: line 1 column 1 (char 0)

2025-02-12 20:55:44,587 - INFO - Processing requirement: - Modern minimalist design with smooth animations
2025-02-12 20:55:44,588 - INFO - Implementing requirement: - Modern minimalist design with smooth animations
2025-02-12 20:55:49,512 - ERROR - Error implementing requirement: Expecting value: line 1 column 1 (char 0)
Traceback (most recent call last):
  File "/home/runner/work/self-coding-repository/self-coding-repository/.github/scripts/project_manager.py", line 292, in implement_requirement
    implementation = json.loads(response.text)
  File "/opt/hostedtoolcache/Python/3.10.16/x64/lib/python3.10/json/__init__.py", line 346, in loads
    return _default_decoder.decode(s)
  File "/opt/hostedtoolcache/Python/3.10.16/x64/lib/python3.10/json/decoder.py", line 337, in decode
    obj, end = self.raw_decode(s, idx=_w(s, 0).end())
  File "/opt/hostedtoolcache/Python/3.10.16/x64/lib/python3.10/json/decoder.py", line 355, in raw_decode
    raise JSONDecodeError("Expecting value", s, err.value) from None
json.decoder.JSONDecodeError: Expecting value: line 1 column 1 (char 0)

2025-02-12 20:55:49,512 - INFO - Processing requirement: - Score tracking for X and O players
2025-02-12 20:55:49,513 - INFO - Implementing requirement: - Score tracking for X and O players
2025-02-12 20:56:03,077 - ERROR - Error implementing requirement: Expecting value: line 1 column 1 (char 0)
Traceback (most recent call last):
  File "/home/runner/work/self-coding-repository/self-coding-repository/.github/scripts/project_manager.py", line 292, in implement_requirement
    implementation = json.loads(response.text)
  File "/opt/hostedtoolcache/Python/3.10.16/x64/lib/python3.10/json/__init__.py", line 346, in loads
    return _default_decoder.decode(s)
  File "/opt/hostedtoolcache/Python/3.10.16/x64/lib/python3.10/json/decoder.py", line 337, in decode
    obj, end = self.raw_decode(s, idx=_w(s, 0).end())
  File "/opt/hostedtoolcache/Python/3.10.16/x64/lib/python3.10/json/decoder.py", line 355, in raw_decode
    raise JSONDecodeError("Expecting value", s, err.value) from None
json.decoder.JSONDecodeError: Expecting value: line 1 column 1 (char 0)

2025-02-12 20:56:03,077 - INFO - Processing requirement: - Hover effects on cells to show current player's symbol
2025-02-12 20:56:03,077 - INFO - Implementing requirement: - Hover effects on cells to show current player's symbol
2025-02-12 20:56:08,619 - ERROR - Error implementing requirement: Expecting value: line 1 column 1 (char 0)
Traceback (most recent call last):
  File "/home/runner/work/self-coding-repository/self-coding-repository/.github/scripts/project_manager.py", line 292, in implement_requirement
    implementation = json.loads(response.text)
  File "/opt/hostedtoolcache/Python/3.10.16/x64/lib/python3.10/json/__init__.py", line 346, in loads
    return _default_decoder.decode(s)
  File "/opt/hostedtoolcache/Python/3.10.16/x64/lib/python3.10/json/decoder.py", line 337, in decode
    obj, end = self.raw_decode(s, idx=_w(s, 0).end())
  File "/opt/hostedtoolcache/Python/3.10.16/x64/lib/python3.10/json/decoder.py", line 355, in raw_decode
    raise JSONDecodeError("Expecting value", s, err.value) from None
json.decoder.JSONDecodeError: Expecting value: line 1 column 1 (char 0)

2025-02-12 20:56:08,625 - INFO - Completed project manager run
